19:56:38 com_github_adamws_kicad-kbplacer.kbplacer_plugin_action 45: Plugin executed with KiCad version: 6.0.11
19:56:38 com_github_adamws_kicad-kbplacer.kbplacer_plugin_action 46: Plugin executed with python version: '3.10.6 (main, May 29 2023, 11:10:38) [GCC 11.3.0]'
19:56:45 com_github_adamws_kicad-kbplacer.kbplacer_plugin_action 60: User layout: {'meta': {'author': '', 'backcolor': '#eeeeee', 'background': None, 'name': '', 'notes': '', 'radii': '', 'switchBrand': '', 'switchMount': '', 'switchType': ''}, 'keys': [{'color': '#cccccc', 'labels': [], 'textColor': [], 'textSize': [], 'default': {'textColor': '#000000', 'textSize': 3}, 'x': 0, 'y': 0, 'width': 1, 'height': 1, 'x2': 0, 'y2': 0, 'width2': 1, 'height2': 1, 'rotation_x': 0, 'rotation_y': 0, 'rotation_angle': 0, 'decal': False, 'ghost': False, 'stepped': False, 'nub': False, 'profile': '', 'sm': '', 'sb': '', 'st': ''}, {'color': '#cccccc', 'labels': [], 'textColor': [], 'textSize': [], 'default': {'textColor': '#000000', 'textSize': 3}, 'x': 1, 'y': 0, 'width': 1, 'height': 1, 'x2': 0, 'y2': 0, 'width2': 1, 'height2': 1, 'rotation_x': 0, 'rotation_y': 0, 'rotation_angle': 0, 'decal': False, 'ghost': False, 'stepped': False, 'nub': False, 'profile': '', 'sm': '', 'sb': '', 'st': ''}, {'color': '#cccccc', 'labels': [], 'textColor': [], 'textSize': [], 'default': {'textColor': '#000000', 'textSize': 3}, 'x': 2, 'y': 0, 'width': 1, 'height': 1, 'x2': 0, 'y2': 0, 'width2': 1, 'height2': 1, 'rotation_x': 0, 'rotation_y': 0, 'rotation_angle': 0, 'decal': False, 'ghost': False, 'stepped': False, 'nub': False, 'profile': '', 'sm': '', 'sb': '', 'st': ''}, {'color': '#cccccc', 'labels': [], 'textColor': [], 'textSize': [], 'default': {'textColor': '#000000', 'textSize': 3}, 'x': 3, 'y': 0, 'width': 1, 'height': 1, 'x2': 0, 'y2': 0, 'width2': 1, 'height2': 1, 'rotation_x': 0, 'rotation_y': 0, 'rotation_angle': 0, 'decal': False, 'ghost': False, 'stepped': False, 'nub': False, 'profile': '', 'sm': '', 'sb': '', 'st': ''}, {'color': '#cccccc', 'labels': [], 'textColor': [], 'textSize': [], 'default': {'textColor': '#000000', 'textSize': 3}, 'x': 4, 'y': 0, 'width': 1, 'height': 1, 'x2': 0, 'y2': 0, 'width2': 1, 'height2': 1, 'rotation_x': 0, 'rotation_y': 0, 'rotation_angle': 0, 'decal': False, 'ghost': False, 'stepped': False, 'nub': False, 'profile': '', 'sm': '', 'sb': '', 'st': ''}, {'color': '#cccccc', 'labels': [], 'textColor': [], 'textSize': [], 'default': {'textColor': '#000000', 'textSize': 3}, 'x': 5, 'y': 0, 'width': 1, 'height': 1, 'x2': 0, 'y2': 0, 'width2': 1, 'height2': 1, 'rotation_x': 0, 'rotation_y': 0, 'rotation_angle': 0, 'decal': False, 'ghost': False, 'stepped': False, 'nub': False, 'profile': '', 'sm': '', 'sb': '', 'st': ''}, {'color': '#cccccc', 'labels': [], 'textColor': [], 'textSize': [], 'default': {'textColor': '#000000', 'textSize': 3}, 'x': 6, 'y': 0, 'width': 1, 'height': 1, 'x2': 0, 'y2': 0, 'width2': 1, 'height2': 1, 'rotation_x': 0, 'rotation_y': 0, 'rotation_angle': 0, 'decal': False, 'ghost': False, 'stepped': False, 'nub': False, 'profile': '', 'sm': '', 'sb': '', 'st': ''}, {'color': '#cccccc', 'labels': [], 'textColor': [], 'textSize': [], 'default': {'textColor': '#000000', 'textSize': 3}, 'x': 7, 'y': 0, 'width': 1, 'height': 1, 'x2': 0, 'y2': 0, 'width2': 1, 'height2': 1, 'rotation_x': 0, 'rotation_y': 0, 'rotation_angle': 0, 'decal': False, 'ghost': False, 'stepped': False, 'nub': False, 'profile': '', 'sm': '', 'sb': '', 'st': ''}, {'color': '#cccccc', 'labels': [], 'textColor': [], 'textSize': [], 'default': {'textColor': '#000000', 'textSize': 3}, 'x': 8, 'y': 0, 'width': 1, 'height': 1, 'x2': 0, 'y2': 0, 'width2': 1, 'height2': 1, 'rotation_x': 0, 'rotation_y': 0, 'rotation_angle': 0, 'decal': False, 'ghost': False, 'stepped': False, 'nub': False, 'profile': '', 'sm': '', 'sb': '', 'st': ''}, {'color': '#cccccc', 'labels': [], 'textColor': [], 'textSize': [], 'default': {'textColor': '#000000', 'textSize': 3}, 'x': 9, 'y': 0, 'width': 1, 'height': 1, 'x2': 0, 'y2': 0, 'width2': 1, 'height2': 1, 'rotation_x': 0, 'rotation_y': 0, 'rotation_angle': 0, 'decal': False, 'ghost': False, 'stepped': False, 'nub': False, 'profile': '', 'sm': '', 'sb': '', 'st': ''}, {'color': '#cccccc', 'labels': [], 'textColor': [], 'textSize': [], 'default': {'textColor': '#000000', 'textSize': 3}, 'x': 10, 'y': 0, 'width': 1, 'height': 1, 'x2': 0, 'y2': 0, 'width2': 1, 'height2': 1, 'rotation_x': 0, 'rotation_y': 0, 'rotation_angle': 0, 'decal': False, 'ghost': False, 'stepped': False, 'nub': False, 'profile': '', 'sm': '', 'sb': '', 'st': ''}, {'color': '#cccccc', 'labels': [], 'textColor': [], 'textSize': [], 'default': {'textColor': '#000000', 'textSize': 3}, 'x': 11, 'y': 0, 'width': 1, 'height': 1, 'x2': 0, 'y2': 0, 'width2': 1, 'height2': 1, 'rotation_x': 0, 'rotation_y': 0, 'rotation_angle': 0, 'decal': False, 'ghost': False, 'stepped': False, 'nub': False, 'profile': '', 'sm': '', 'sb': '', 'st': ''}, {'color': '#cccccc', 'labels': [], 'textColor': [], 'textSize': [], 'default': {'textColor': '#000000', 'textSize': 3}, 'x': 12.25, 'y': 0, 'width': 1, 'height': 1, 'x2': 0, 'y2': 0, 'width2': 1, 'height2': 1, 'rotation_x': 0, 'rotation_y': 0, 'rotation_angle': 0, 'decal': False, 'ghost': False, 'stepped': False, 'nub': False, 'profile': '', 'sm': '', 'sb': '', 'st': ''}, {'color': '#cccccc', 'labels': [], 'textColor': [], 'textSize': [], 'default': {'textColor': '#000000', 'textSize': 3}, 'x': 0, 'y': 1, 'width': 1, 'height': 1, 'x2': 0, 'y2': 0, 'width2': 1, 'height2': 1, 'rotation_x': 0, 'rotation_y': 0, 'rotation_angle': 0, 'decal': False, 'ghost': False, 'stepped': False, 'nub': False, 'profile': '', 'sm': '', 'sb': '', 'st': ''}, {'color': '#cccccc', 'labels': [], 'textColor': [], 'textSize': [], 'default': {'textColor': '#000000', 'textSize': 3}, 'x': 1, 'y': 1, 'width': 1, 'height': 1, 'x2': 0, 'y2': 0, 'width2': 1, 'height2': 1, 'rotation_x': 0, 'rotation_y': 0, 'rotation_angle': 0, 'decal': False, 'ghost': False, 'stepped': False, 'nub': False, 'profile': '', 'sm': '', 'sb': '', 'st': ''}, {'color': '#cccccc', 'labels': [], 'textColor': [], 'textSize': [], 'default': {'textColor': '#000000', 'textSize': 3}, 'x': 2, 'y': 1, 'width': 1, 'height': 1, 'x2': 0, 'y2': 0, 'width2': 1, 'height2': 1, 'rotation_x': 0, 'rotation_y': 0, 'rotation_angle': 0, 'decal': False, 'ghost': False, 'stepped': False, 'nub': False, 'profile': '', 'sm': '', 'sb': '', 'st': ''}, {'color': '#cccccc', 'labels': [], 'textColor': [], 'textSize': [], 'default': {'textColor': '#000000', 'textSize': 3}, 'x': 3, 'y': 1, 'width': 1, 'height': 1, 'x2': 0, 'y2': 0, 'width2': 1, 'height2': 1, 'rotation_x': 0, 'rotation_y': 0, 'rotation_angle': 0, 'decal': False, 'ghost': False, 'stepped': False, 'nub': False, 'profile': '', 'sm': '', 'sb': '', 'st': ''}, {'color': '#cccccc', 'labels': [], 'textColor': [], 'textSize': [], 'default': {'textColor': '#000000', 'textSize': 3}, 'x': 4, 'y': 1, 'width': 1, 'height': 1, 'x2': 0, 'y2': 0, 'width2': 1, 'height2': 1, 'rotation_x': 0, 'rotation_y': 0, 'rotation_angle': 0, 'decal': False, 'ghost': False, 'stepped': False, 'nub': False, 'profile': '', 'sm': '', 'sb': '', 'st': ''}, {'color': '#cccccc', 'labels': [], 'textColor': [], 'textSize': [], 'default': {'textColor': '#000000', 'textSize': 3}, 'x': 5, 'y': 1, 'width': 1, 'height': 1, 'x2': 0, 'y2': 0, 'width2': 1, 'height2': 1, 'rotation_x': 0, 'rotation_y': 0, 'rotation_angle': 0, 'decal': False, 'ghost': False, 'stepped': False, 'nub': False, 'profile': '', 'sm': '', 'sb': '', 'st': ''}, {'color': '#cccccc', 'labels': [], 'textColor': [], 'textSize': [], 'default': {'textColor': '#000000', 'textSize': 3}, 'x': 6, 'y': 1, 'width': 1, 'height': 1, 'x2': 0, 'y2': 0, 'width2': 1, 'height2': 1, 'rotation_x': 0, 'rotation_y': 0, 'rotation_angle': 0, 'decal': False, 'ghost': False, 'stepped': False, 'nub': False, 'profile': '', 'sm': '', 'sb': '', 'st': ''}, {'color': '#cccccc', 'labels': [], 'textColor': [], 'textSize': [], 'default': {'textColor': '#000000', 'textSize': 3}, 'x': 7, 'y': 1, 'width': 1, 'height': 1, 'x2': 0, 'y2': 0, 'width2': 1, 'height2': 1, 'rotation_x': 0, 'rotation_y': 0, 'rotation_angle': 0, 'decal': False, 'ghost': False, 'stepped': False, 'nub': False, 'profile': '', 'sm': '', 'sb': '', 'st': ''}, {'color': '#cccccc', 'labels': [], 'textColor': [], 'textSize': [], 'default': {'textColor': '#000000', 'textSize': 3}, 'x': 8, 'y': 1, 'width': 1, 'height': 1, 'x2': 0, 'y2': 0, 'width2': 1, 'height2': 1, 'rotation_x': 0, 'rotation_y': 0, 'rotation_angle': 0, 'decal': False, 'ghost': False, 'stepped': False, 'nub': False, 'profile': '', 'sm': '', 'sb': '', 'st': ''}, {'color': '#cccccc', 'labels': [], 'textColor': [], 'textSize': [], 'default': {'textColor': '#000000', 'textSize': 3}, 'x': 9, 'y': 1, 'width': 1, 'height': 1, 'x2': 0, 'y2': 0, 'width2': 1, 'height2': 1, 'rotation_x': 0, 'rotation_y': 0, 'rotation_angle': 0, 'decal': False, 'ghost': False, 'stepped': False, 'nub': False, 'profile': '', 'sm': '', 'sb': '', 'st': ''}, {'color': '#cccccc', 'labels': [], 'textColor': [], 'textSize': [], 'default': {'textColor': '#000000', 'textSize': 3}, 'x': 10, 'y': 1, 'width': 1, 'height': 1, 'x2': 0, 'y2': 0, 'width2': 1, 'height2': 1, 'rotation_x': 0, 'rotation_y': 0, 'rotation_angle': 0, 'decal': False, 'ghost': False, 'stepped': False, 'nub': False, 'profile': '', 'sm': '', 'sb': '', 'st': ''}, {'color': '#cccccc', 'labels': [], 'textColor': [], 'textSize': [], 'default': {'textColor': '#000000', 'textSize': 3}, 'x': 11, 'y': 1, 'width': 1, 'height': 1, 'x2': 0, 'y2': 0, 'width2': 1, 'height2': 1, 'rotation_x': 0, 'rotation_y': 0, 'rotation_angle': 0, 'decal': False, 'ghost': False, 'stepped': False, 'nub': False, 'profile': '', 'sm': '', 'sb': '', 'st': ''}, {'color': '#cccccc', 'labels': [], 'textColor': [], 'textSize': [], 'default': {'textColor': '#000000', 'textSize': 3}, 'x': 0, 'y': 2, 'width': 1, 'height': 1, 'x2': 0, 'y2': 0, 'width2': 1, 'height2': 1, 'rotation_x': 0, 'rotation_y': 0, 'rotation_angle': 0, 'decal': False, 'ghost': False, 'stepped': False, 'nub': False, 'profile': '', 'sm': '', 'sb': '', 'st': ''}, {'color': '#cccccc', 'labels': [], 'textColor': [], 'textSize': [], 'default': {'textColor': '#000000', 'textSize': 3}, 'x': 1, 'y': 2, 'width': 1, 'height': 1, 'x2': 0, 'y2': 0, 'width2': 1, 'height2': 1, 'rotation_x': 0, 'rotation_y': 0, 'rotation_angle': 0, 'decal': False, 'ghost': False, 'stepped': False, 'nub': False, 'profile': '', 'sm': '', 'sb': '', 'st': ''}, {'color': '#cccccc', 'labels': [], 'textColor': [], 'textSize': [], 'default': {'textColor': '#000000', 'textSize': 3}, 'x': 2, 'y': 2, 'width': 1, 'height': 1, 'x2': 0, 'y2': 0, 'width2': 1, 'height2': 1, 'rotation_x': 0, 'rotation_y': 0, 'rotation_angle': 0, 'decal': False, 'ghost': False, 'stepped': False, 'nub': False, 'profile': '', 'sm': '', 'sb': '', 'st': ''}, {'color': '#cccccc', 'labels': [], 'textColor': [], 'textSize': [], 'default': {'textColor': '#000000', 'textSize': 3}, 'x': 3, 'y': 2, 'width': 1, 'height': 1, 'x2': 0, 'y2': 0, 'width2': 1, 'height2': 1, 'rotation_x': 0, 'rotation_y': 0, 'rotation_angle': 0, 'decal': False, 'ghost': False, 'stepped': False, 'nub': False, 'profile': '', 'sm': '', 'sb': '', 'st': ''}, {'color': '#cccccc', 'labels': [], 'textColor': [], 'textSize': [], 'default': {'textColor': '#000000', 'textSize': 3}, 'x': 4, 'y': 2, 'width': 1, 'height': 1, 'x2': 0, 'y2': 0, 'width2': 1, 'height2': 1, 'rotation_x': 0, 'rotation_y': 0, 'rotation_angle': 0, 'decal': False, 'ghost': False, 'stepped': False, 'nub': False, 'profile': '', 'sm': '', 'sb': '', 'st': ''}, {'color': '#cccccc', 'labels': [], 'textColor': [], 'textSize': [], 'default': {'textColor': '#000000', 'textSize': 3}, 'x': 5, 'y': 2, 'width': 1, 'height': 1, 'x2': 0, 'y2': 0, 'width2': 1, 'height2': 1, 'rotation_x': 0, 'rotation_y': 0, 'rotation_angle': 0, 'decal': False, 'ghost': False, 'stepped': False, 'nub': False, 'profile': '', 'sm': '', 'sb': '', 'st': ''}, {'color': '#cccccc', 'labels': [], 'textColor': [], 'textSize': [], 'default': {'textColor': '#000000', 'textSize': 3}, 'x': 6, 'y': 2, 'width': 1, 'height': 1, 'x2': 0, 'y2': 0, 'width2': 1, 'height2': 1, 'rotation_x': 0, 'rotation_y': 0, 'rotation_angle': 0, 'decal': False, 'ghost': False, 'stepped': False, 'nub': False, 'profile': '', 'sm': '', 'sb': '', 'st': ''}, {'color': '#cccccc', 'labels': [], 'textColor': [], 'textSize': [], 'default': {'textColor': '#000000', 'textSize': 3}, 'x': 7, 'y': 2, 'width': 1, 'height': 1, 'x2': 0, 'y2': 0, 'width2': 1, 'height2': 1, 'rotation_x': 0, 'rotation_y': 0, 'rotation_angle': 0, 'decal': False, 'ghost': False, 'stepped': False, 'nub': False, 'profile': '', 'sm': '', 'sb': '', 'st': ''}, {'color': '#cccccc', 'labels': [], 'textColor': [], 'textSize': [], 'default': {'textColor': '#000000', 'textSize': 3}, 'x': 8, 'y': 2, 'width': 1, 'height': 1, 'x2': 0, 'y2': 0, 'width2': 1, 'height2': 1, 'rotation_x': 0, 'rotation_y': 0, 'rotation_angle': 0, 'decal': False, 'ghost': False, 'stepped': False, 'nub': False, 'profile': '', 'sm': '', 'sb': '', 'st': ''}, {'color': '#cccccc', 'labels': [], 'textColor': [], 'textSize': [], 'default': {'textColor': '#000000', 'textSize': 3}, 'x': 9, 'y': 2, 'width': 1, 'height': 1, 'x2': 0, 'y2': 0, 'width2': 1, 'height2': 1, 'rotation_x': 0, 'rotation_y': 0, 'rotation_angle': 0, 'decal': False, 'ghost': False, 'stepped': False, 'nub': False, 'profile': '', 'sm': '', 'sb': '', 'st': ''}, {'color': '#cccccc', 'labels': [], 'textColor': [], 'textSize': [], 'default': {'textColor': '#000000', 'textSize': 3}, 'x': 10, 'y': 2, 'width': 1, 'height': 1, 'x2': 0, 'y2': 0, 'width2': 1, 'height2': 1, 'rotation_x': 0, 'rotation_y': 0, 'rotation_angle': 0, 'decal': False, 'ghost': False, 'stepped': False, 'nub': False, 'profile': '', 'sm': '', 'sb': '', 'st': ''}, {'color': '#cccccc', 'labels': [], 'textColor': [], 'textSize': [], 'default': {'textColor': '#000000', 'textSize': 3}, 'x': 11, 'y': 2, 'width': 1, 'height': 1, 'x2': 0, 'y2': 0, 'width2': 1, 'height2': 1, 'rotation_x': 0, 'rotation_y': 0, 'rotation_angle': 0, 'decal': False, 'ghost': False, 'stepped': False, 'nub': False, 'profile': '', 'sm': '', 'sb': '', 'st': ''}, {'color': '#cccccc', 'labels': [], 'textColor': [], 'textSize': [], 'default': {'textColor': '#000000', 'textSize': 3}, 'x': 0, 'y': 3, 'width': 1, 'height': 1, 'x2': 0, 'y2': 0, 'width2': 1, 'height2': 1, 'rotation_x': 0, 'rotation_y': 0, 'rotation_angle': 0, 'decal': False, 'ghost': False, 'stepped': False, 'nub': False, 'profile': '', 'sm': '', 'sb': '', 'st': ''}, {'color': '#cccccc', 'labels': [], 'textColor': [], 'textSize': [], 'default': {'textColor': '#000000', 'textSize': 3}, 'x': 1, 'y': 3, 'width': 1, 'height': 1, 'x2': 0, 'y2': 0, 'width2': 1, 'height2': 1, 'rotation_x': 0, 'rotation_y': 0, 'rotation_angle': 0, 'decal': False, 'ghost': False, 'stepped': False, 'nub': False, 'profile': '', 'sm': '', 'sb': '', 'st': ''}, {'color': '#cccccc', 'labels': [], 'textColor': [], 'textSize': [], 'default': {'textColor': '#000000', 'textSize': 3}, 'x': 2, 'y': 3, 'width': 1, 'height': 1, 'x2': 0, 'y2': 0, 'width2': 1, 'height2': 1, 'rotation_x': 0, 'rotation_y': 0, 'rotation_angle': 0, 'decal': False, 'ghost': False, 'stepped': False, 'nub': False, 'profile': '', 'sm': '', 'sb': '', 'st': ''}, {'color': '#cccccc', 'labels': [], 'textColor': [], 'textSize': [], 'default': {'textColor': '#000000', 'textSize': 3}, 'x': 3, 'y': 3, 'width': 1, 'height': 1, 'x2': 0, 'y2': 0, 'width2': 1, 'height2': 1, 'rotation_x': 0, 'rotation_y': 0, 'rotation_angle': 0, 'decal': False, 'ghost': False, 'stepped': False, 'nub': False, 'profile': '', 'sm': '', 'sb': '', 'st': ''}, {'color': '#cccccc', 'labels': [], 'textColor': [], 'textSize': [], 'default': {'textColor': '#000000', 'textSize': 3}, 'x': 4, 'y': 3, 'width': 1, 'height': 1, 'x2': 0, 'y2': 0, 'width2': 1, 'height2': 1, 'rotation_x': 0, 'rotation_y': 0, 'rotation_angle': 0, 'decal': False, 'ghost': False, 'stepped': False, 'nub': False, 'profile': '', 'sm': '', 'sb': '', 'st': ''}, {'color': '#cccccc', 'labels': [], 'textColor': [], 'textSize': [], 'default': {'textColor': '#000000', 'textSize': 3}, 'x': 5, 'y': 3, 'width': 1, 'height': 1, 'x2': 0, 'y2': 0, 'width2': 1, 'height2': 1, 'rotation_x': 0, 'rotation_y': 0, 'rotation_angle': 0, 'decal': False, 'ghost': False, 'stepped': False, 'nub': False, 'profile': '', 'sm': '', 'sb': '', 'st': ''}, {'color': '#cccccc', 'labels': [], 'textColor': [], 'textSize': [], 'default': {'textColor': '#000000', 'textSize': 3}, 'x': 6, 'y': 3, 'width': 1, 'height': 1, 'x2': 0, 'y2': 0, 'width2': 1, 'height2': 1, 'rotation_x': 0, 'rotation_y': 0, 'rotation_angle': 0, 'decal': False, 'ghost': False, 'stepped': False, 'nub': False, 'profile': '', 'sm': '', 'sb': '', 'st': ''}, {'color': '#cccccc', 'labels': [], 'textColor': [], 'textSize': [], 'default': {'textColor': '#000000', 'textSize': 3}, 'x': 7, 'y': 3, 'width': 1, 'height': 1, 'x2': 0, 'y2': 0, 'width2': 1, 'height2': 1, 'rotation_x': 0, 'rotation_y': 0, 'rotation_angle': 0, 'decal': False, 'ghost': False, 'stepped': False, 'nub': False, 'profile': '', 'sm': '', 'sb': '', 'st': ''}, {'color': '#cccccc', 'labels': [], 'textColor': [], 'textSize': [], 'default': {'textColor': '#000000', 'textSize': 3}, 'x': 8, 'y': 3, 'width': 1, 'height': 1, 'x2': 0, 'y2': 0, 'width2': 1, 'height2': 1, 'rotation_x': 0, 'rotation_y': 0, 'rotation_angle': 0, 'decal': False, 'ghost': False, 'stepped': False, 'nub': False, 'profile': '', 'sm': '', 'sb': '', 'st': ''}, {'color': '#cccccc', 'labels': [], 'textColor': [], 'textSize': [], 'default': {'textColor': '#000000', 'textSize': 3}, 'x': 9, 'y': 3, 'width': 1, 'height': 1, 'x2': 0, 'y2': 0, 'width2': 1, 'height2': 1, 'rotation_x': 0, 'rotation_y': 0, 'rotation_angle': 0, 'decal': False, 'ghost': False, 'stepped': False, 'nub': False, 'profile': '', 'sm': '', 'sb': '', 'st': ''}, {'color': '#cccccc', 'labels': [], 'textColor': [], 'textSize': [], 'default': {'textColor': '#000000', 'textSize': 3}, 'x': 10, 'y': 3, 'width': 1, 'height': 1, 'x2': 0, 'y2': 0, 'width2': 1, 'height2': 1, 'rotation_x': 0, 'rotation_y': 0, 'rotation_angle': 0, 'decal': False, 'ghost': False, 'stepped': False, 'nub': False, 'profile': '', 'sm': '', 'sb': '', 'st': ''}, {'color': '#cccccc', 'labels': [], 'textColor': [], 'textSize': [], 'default': {'textColor': '#000000', 'textSize': 3}, 'x': 11, 'y': 3, 'width': 1, 'height': 1, 'x2': 0, 'y2': 0, 'width2': 1, 'height2': 1, 'rotation_x': 0, 'rotation_y': 0, 'rotation_angle': 0, 'decal': False, 'ghost': False, 'stepped': False, 'nub': False, 'profile': '', 'sm': '', 'sb': '', 'st': ''}, {'color': '#cccccc', 'labels': [], 'textColor': [], 'textSize': [], 'default': {'textColor': '#000000', 'textSize': 3}, 'x': 0, 'y': 4, 'width': 1, 'height': 1, 'x2': 0, 'y2': 0, 'width2': 1, 'height2': 1, 'rotation_x': 0, 'rotation_y': 0, 'rotation_angle': 0, 'decal': False, 'ghost': False, 'stepped': False, 'nub': False, 'profile': '', 'sm': '', 'sb': '', 'st': ''}, {'color': '#cccccc', 'labels': [], 'textColor': [], 'textSize': [], 'default': {'textColor': '#000000', 'textSize': 3}, 'x': 1, 'y': 4, 'width': 1, 'height': 1, 'x2': 0, 'y2': 0, 'width2': 1, 'height2': 1, 'rotation_x': 0, 'rotation_y': 0, 'rotation_angle': 0, 'decal': False, 'ghost': False, 'stepped': False, 'nub': False, 'profile': '', 'sm': '', 'sb': '', 'st': ''}, {'color': '#cccccc', 'labels': [], 'textColor': [], 'textSize': [], 'default': {'textColor': '#000000', 'textSize': 3}, 'x': 2, 'y': 4, 'width': 1, 'height': 1, 'x2': 0, 'y2': 0, 'width2': 1, 'height2': 1, 'rotation_x': 0, 'rotation_y': 0, 'rotation_angle': 0, 'decal': False, 'ghost': False, 'stepped': False, 'nub': False, 'profile': '', 'sm': '', 'sb': '', 'st': ''}, {'color': '#cccccc', 'labels': [], 'textColor': [], 'textSize': [], 'default': {'textColor': '#000000', 'textSize': 3}, 'x': 3, 'y': 4, 'width': 1, 'height': 1, 'x2': 0, 'y2': 0, 'width2': 1, 'height2': 1, 'rotation_x': 0, 'rotation_y': 0, 'rotation_angle': 0, 'decal': False, 'ghost': False, 'stepped': False, 'nub': False, 'profile': '', 'sm': '', 'sb': '', 'st': ''}, {'color': '#cccccc', 'labels': [], 'textColor': [], 'textSize': [], 'default': {'textColor': '#000000', 'textSize': 3}, 'x': 4, 'y': 4, 'width': 1, 'height': 1, 'x2': 0, 'y2': 0, 'width2': 1, 'height2': 1, 'rotation_x': 0, 'rotation_y': 0, 'rotation_angle': 0, 'decal': False, 'ghost': False, 'stepped': False, 'nub': False, 'profile': '', 'sm': '', 'sb': '', 'st': ''}, {'color': '#cccccc', 'labels': [], 'textColor': [], 'textSize': [], 'default': {'textColor': '#000000', 'textSize': 3}, 'x': 5, 'y': 4, 'width': 1, 'height': 1, 'x2': 0, 'y2': 0, 'width2': 1, 'height2': 1, 'rotation_x': 0, 'rotation_y': 0, 'rotation_angle': 0, 'decal': False, 'ghost': False, 'stepped': False, 'nub': False, 'profile': '', 'sm': '', 'sb': '', 'st': ''}, {'color': '#cccccc', 'labels': [], 'textColor': [], 'textSize': [], 'default': {'textColor': '#000000', 'textSize': 3}, 'x': 6, 'y': 4, 'width': 1, 'height': 1, 'x2': 0, 'y2': 0, 'width2': 1, 'height2': 1, 'rotation_x': 0, 'rotation_y': 0, 'rotation_angle': 0, 'decal': False, 'ghost': False, 'stepped': False, 'nub': False, 'profile': '', 'sm': '', 'sb': '', 'st': ''}, {'color': '#cccccc', 'labels': [], 'textColor': [], 'textSize': [], 'default': {'textColor': '#000000', 'textSize': 3}, 'x': 7, 'y': 4, 'width': 1, 'height': 1, 'x2': 0, 'y2': 0, 'width2': 1, 'height2': 1, 'rotation_x': 0, 'rotation_y': 0, 'rotation_angle': 0, 'decal': False, 'ghost': False, 'stepped': False, 'nub': False, 'profile': '', 'sm': '', 'sb': '', 'st': ''}, {'color': '#cccccc', 'labels': [], 'textColor': [], 'textSize': [], 'default': {'textColor': '#000000', 'textSize': 3}, 'x': 8, 'y': 4, 'width': 1, 'height': 1, 'x2': 0, 'y2': 0, 'width2': 1, 'height2': 1, 'rotation_x': 0, 'rotation_y': 0, 'rotation_angle': 0, 'decal': False, 'ghost': False, 'stepped': False, 'nub': False, 'profile': '', 'sm': '', 'sb': '', 'st': ''}, {'color': '#cccccc', 'labels': [], 'textColor': [], 'textSize': [], 'default': {'textColor': '#000000', 'textSize': 3}, 'x': 9, 'y': 4, 'width': 1, 'height': 1, 'x2': 0, 'y2': 0, 'width2': 1, 'height2': 1, 'rotation_x': 0, 'rotation_y': 0, 'rotation_angle': 0, 'decal': False, 'ghost': False, 'stepped': False, 'nub': False, 'profile': '', 'sm': '', 'sb': '', 'st': ''}, {'color': '#cccccc', 'labels': [], 'textColor': [], 'textSize': [], 'default': {'textColor': '#000000', 'textSize': 3}, 'x': 10, 'y': 4, 'width': 1, 'height': 1, 'x2': 0, 'y2': 0, 'width2': 1, 'height2': 1, 'rotation_x': 0, 'rotation_y': 0, 'rotation_angle': 0, 'decal': False, 'ghost': False, 'stepped': False, 'nub': False, 'profile': '', 'sm': '', 'sb': '', 'st': ''}, {'color': '#cccccc', 'labels': [], 'textColor': [], 'textSize': [], 'default': {'textColor': '#000000', 'textSize': 3}, 'x': 11, 'y': 4, 'width': 1, 'height': 1, 'x2': 0, 'y2': 0, 'width2': 1, 'height2': 1, 'rotation_x': 0, 'rotation_y': 0, 'rotation_angle': 0, 'decal': False, 'ghost': False, 'stepped': False, 'nub': False, 'profile': '', 'sm': '', 'sb': '', 'st': ''}]}
19:56:45 com_github_adamws_kicad-kbplacer.kbplacer_plugin_action 35: Searching for SW1 footprint
19:56:45 com_github_adamws_kicad-kbplacer.kbplacer_plugin_action 35: Searching for D1 footprint
19:56:45 com_github_adamws_kicad-kbplacer.kbplacer_plugin_action 61: Getting SW1 footprint position: (80962500, 57150000)
19:56:45 com_github_adamws_kicad-kbplacer.kbplacer_plugin_action 61: Getting D1 footprint position: (90487500, 63212500)
19:56:45 com_github_adamws_kicad-kbplacer.kbplacer_plugin_action 279: Diode position: DiodePosition(relative_position=Point(x=9.525, y=6.0625), orientation=-90.0, side=<Side.FRONT: False>)
19:56:45 com_github_adamws_kicad-kbplacer.kbplacer_plugin_action 35: Searching for SW1 footprint
19:56:45 com_github_adamws_kicad-kbplacer.kbplacer_plugin_action 46: Setting SW1 footprint position: (34525000, 34525000)
19:56:45 com_github_adamws_kicad-kbplacer.kbplacer_plugin_action 35: Searching for D1 footprint
19:56:45 com_github_adamws_kicad-kbplacer.kbplacer_plugin_action 46: Setting D1 footprint position: (44050000, 40587500)
19:56:45 com_github_adamws_kicad-kbplacer.kbplacer_plugin_action 347: Switch pad without recognized net name found.
19:56:45 com_github_adamws_kicad-kbplacer.kbplacer_plugin_action 356: Switch pad without recognized net name found.
19:56:45 com_github_adamws_kicad-kbplacer.kbplacer_plugin_action 35: Searching for SW2 footprint
19:56:45 com_github_adamws_kicad-kbplacer.kbplacer_plugin_action 46: Setting SW2 footprint position: (53575000, 34525000)
19:56:45 com_github_adamws_kicad-kbplacer.kbplacer_plugin_action 35: Searching for D2 footprint
19:56:45 com_github_adamws_kicad-kbplacer.kbplacer_plugin_action 46: Setting D2 footprint position: (63100000, 40587500)
19:56:45 com_github_adamws_kicad-kbplacer.kbplacer_plugin_action 347: Switch pad without recognized net name found.
19:56:45 com_github_adamws_kicad-kbplacer.kbplacer_plugin_action 356: Switch pad without recognized net name found.
19:56:45 com_github_adamws_kicad-kbplacer.kbplacer_plugin_action 35: Searching for SW3 footprint
19:56:45 com_github_adamws_kicad-kbplacer.kbplacer_plugin_action 46: Setting SW3 footprint position: (72625000, 34525000)
19:56:45 com_github_adamws_kicad-kbplacer.kbplacer_plugin_action 35: Searching for D3 footprint
19:56:45 com_github_adamws_kicad-kbplacer.kbplacer_plugin_action 46: Setting D3 footprint position: (82150000, 40587500)
19:56:45 com_github_adamws_kicad-kbplacer.kbplacer_plugin_action 347: Switch pad without recognized net name found.
19:56:45 com_github_adamws_kicad-kbplacer.kbplacer_plugin_action 356: Switch pad without recognized net name found.
19:56:45 com_github_adamws_kicad-kbplacer.kbplacer_plugin_action 35: Searching for SW4 footprint
19:56:45 com_github_adamws_kicad-kbplacer.kbplacer_plugin_action 46: Setting SW4 footprint position: (91675000, 34525000)
19:56:45 com_github_adamws_kicad-kbplacer.kbplacer_plugin_action 35: Searching for D4 footprint
19:56:45 com_github_adamws_kicad-kbplacer.kbplacer_plugin_action 46: Setting D4 footprint position: (101200000, 40587500)
19:56:45 com_github_adamws_kicad-kbplacer.kbplacer_plugin_action 347: Switch pad without recognized net name found.
19:56:45 com_github_adamws_kicad-kbplacer.kbplacer_plugin_action 356: Switch pad without recognized net name found.
19:56:45 com_github_adamws_kicad-kbplacer.kbplacer_plugin_action 35: Searching for SW5 footprint
19:56:45 com_github_adamws_kicad-kbplacer.kbplacer_plugin_action 46: Setting SW5 footprint position: (110725000, 34525000)
19:56:45 com_github_adamws_kicad-kbplacer.kbplacer_plugin_action 35: Searching for D5 footprint
19:56:45 com_github_adamws_kicad-kbplacer.kbplacer_plugin_action 46: Setting D5 footprint position: (120250000, 40587500)
19:56:45 com_github_adamws_kicad-kbplacer.kbplacer_plugin_action 347: Switch pad without recognized net name found.
19:56:45 com_github_adamws_kicad-kbplacer.kbplacer_plugin_action 356: Switch pad without recognized net name found.
19:56:45 com_github_adamws_kicad-kbplacer.kbplacer_plugin_action 35: Searching for SW6 footprint
19:56:45 com_github_adamws_kicad-kbplacer.kbplacer_plugin_action 46: Setting SW6 footprint position: (129775000, 34525000)
19:56:45 com_github_adamws_kicad-kbplacer.kbplacer_plugin_action 35: Searching for D6 footprint
19:56:45 com_github_adamws_kicad-kbplacer.kbplacer_plugin_action 46: Setting D6 footprint position: (139300000, 40587500)
19:56:45 com_github_adamws_kicad-kbplacer.kbplacer_plugin_action 347: Switch pad without recognized net name found.
19:56:45 com_github_adamws_kicad-kbplacer.kbplacer_plugin_action 356: Switch pad without recognized net name found.
19:56:45 com_github_adamws_kicad-kbplacer.kbplacer_plugin_action 35: Searching for SW7 footprint
19:56:45 com_github_adamws_kicad-kbplacer.kbplacer_plugin_action 46: Setting SW7 footprint position: (148825000, 34525000)
19:56:45 com_github_adamws_kicad-kbplacer.kbplacer_plugin_action 35: Searching for D7 footprint
19:56:45 com_github_adamws_kicad-kbplacer.kbplacer_plugin_action 46: Setting D7 footprint position: (158350000, 40587500)
19:56:45 com_github_adamws_kicad-kbplacer.kbplacer_plugin_action 347: Switch pad without recognized net name found.
19:56:45 com_github_adamws_kicad-kbplacer.kbplacer_plugin_action 356: Switch pad without recognized net name found.
19:56:45 com_github_adamws_kicad-kbplacer.kbplacer_plugin_action 35: Searching for SW8 footprint
19:56:45 com_github_adamws_kicad-kbplacer.kbplacer_plugin_action 46: Setting SW8 footprint position: (167875000, 34525000)
19:56:45 com_github_adamws_kicad-kbplacer.kbplacer_plugin_action 35: Searching for D8 footprint
19:56:45 com_github_adamws_kicad-kbplacer.kbplacer_plugin_action 46: Setting D8 footprint position: (177400000, 40587500)
19:56:45 com_github_adamws_kicad-kbplacer.kbplacer_plugin_action 347: Switch pad without recognized net name found.
19:56:45 com_github_adamws_kicad-kbplacer.kbplacer_plugin_action 356: Switch pad without recognized net name found.
19:56:45 com_github_adamws_kicad-kbplacer.kbplacer_plugin_action 35: Searching for SW9 footprint
19:56:45 com_github_adamws_kicad-kbplacer.kbplacer_plugin_action 46: Setting SW9 footprint position: (186925000, 34525000)
19:56:45 com_github_adamws_kicad-kbplacer.kbplacer_plugin_action 35: Searching for D9 footprint
19:56:45 com_github_adamws_kicad-kbplacer.kbplacer_plugin_action 46: Setting D9 footprint position: (196450000, 40587500)
19:56:45 com_github_adamws_kicad-kbplacer.kbplacer_plugin_action 347: Switch pad without recognized net name found.
19:56:45 com_github_adamws_kicad-kbplacer.kbplacer_plugin_action 356: Switch pad without recognized net name found.
19:56:45 com_github_adamws_kicad-kbplacer.kbplacer_plugin_action 35: Searching for SW10 footprint
19:56:45 com_github_adamws_kicad-kbplacer.kbplacer_plugin_action 46: Setting SW10 footprint position: (205975000, 34525000)
19:56:45 com_github_adamws_kicad-kbplacer.kbplacer_plugin_action 35: Searching for D10 footprint
19:56:45 com_github_adamws_kicad-kbplacer.kbplacer_plugin_action 46: Setting D10 footprint position: (215500000, 40587500)
19:56:45 com_github_adamws_kicad-kbplacer.kbplacer_plugin_action 347: Switch pad without recognized net name found.
19:56:45 com_github_adamws_kicad-kbplacer.kbplacer_plugin_action 356: Switch pad without recognized net name found.
19:56:45 com_github_adamws_kicad-kbplacer.kbplacer_plugin_action 35: Searching for SW11 footprint
19:56:45 com_github_adamws_kicad-kbplacer.kbplacer_plugin_action 46: Setting SW11 footprint position: (225025000, 34525000)
19:56:45 com_github_adamws_kicad-kbplacer.kbplacer_plugin_action 35: Searching for D11 footprint
19:56:45 com_github_adamws_kicad-kbplacer.kbplacer_plugin_action 46: Setting D11 footprint position: (234550000, 40587500)
19:56:45 com_github_adamws_kicad-kbplacer.kbplacer_plugin_action 347: Switch pad without recognized net name found.
19:56:45 com_github_adamws_kicad-kbplacer.kbplacer_plugin_action 356: Switch pad without recognized net name found.
19:56:45 com_github_adamws_kicad-kbplacer.kbplacer_plugin_action 35: Searching for SW12 footprint
19:56:45 com_github_adamws_kicad-kbplacer.kbplacer_plugin_action 46: Setting SW12 footprint position: (244075000, 34525000)
19:56:45 com_github_adamws_kicad-kbplacer.kbplacer_plugin_action 35: Searching for D12 footprint
19:56:45 com_github_adamws_kicad-kbplacer.kbplacer_plugin_action 46: Setting D12 footprint position: (253600000, 40587500)
19:56:45 com_github_adamws_kicad-kbplacer.kbplacer_plugin_action 347: Switch pad without recognized net name found.
19:56:45 com_github_adamws_kicad-kbplacer.kbplacer_plugin_action 356: Switch pad without recognized net name found.
19:56:45 com_github_adamws_kicad-kbplacer.kbplacer_plugin_action 35: Searching for SW13 footprint
19:56:45 com_github_adamws_kicad-kbplacer.kbplacer_plugin_action 46: Setting SW13 footprint position: (267887500, 34525000)
19:56:45 com_github_adamws_kicad-kbplacer.kbplacer_plugin_action 35: Searching for D13 footprint
19:56:45 com_github_adamws_kicad-kbplacer.kbplacer_plugin_action 46: Setting D13 footprint position: (277412500, 40587500)
19:56:45 com_github_adamws_kicad-kbplacer.kbplacer_plugin_action 347: Switch pad without recognized net name found.
19:56:45 com_github_adamws_kicad-kbplacer.kbplacer_plugin_action 356: Switch pad without recognized net name found.
19:56:45 com_github_adamws_kicad-kbplacer.kbplacer_plugin_action 35: Searching for SW14 footprint
19:56:45 com_github_adamws_kicad-kbplacer.kbplacer_plugin_action 46: Setting SW14 footprint position: (34525000, 53575000)
19:56:45 com_github_adamws_kicad-kbplacer.kbplacer_plugin_action 35: Searching for D14 footprint
19:56:45 com_github_adamws_kicad-kbplacer.kbplacer_plugin_action 46: Setting D14 footprint position: (44050000, 59637500)
19:56:45 com_github_adamws_kicad-kbplacer.kbplacer_plugin_action 347: Switch pad without recognized net name found.
19:56:45 com_github_adamws_kicad-kbplacer.kbplacer_plugin_action 356: Switch pad without recognized net name found.
19:56:45 com_github_adamws_kicad-kbplacer.kbplacer_plugin_action 35: Searching for SW15 footprint
19:56:45 com_github_adamws_kicad-kbplacer.kbplacer_plugin_action 46: Setting SW15 footprint position: (53575000, 53575000)
19:56:45 com_github_adamws_kicad-kbplacer.kbplacer_plugin_action 35: Searching for D15 footprint
19:56:45 com_github_adamws_kicad-kbplacer.kbplacer_plugin_action 46: Setting D15 footprint position: (63100000, 59637500)
19:56:45 com_github_adamws_kicad-kbplacer.kbplacer_plugin_action 347: Switch pad without recognized net name found.
19:56:45 com_github_adamws_kicad-kbplacer.kbplacer_plugin_action 356: Switch pad without recognized net name found.
19:56:45 com_github_adamws_kicad-kbplacer.kbplacer_plugin_action 35: Searching for SW16 footprint
19:56:45 com_github_adamws_kicad-kbplacer.kbplacer_plugin_action 46: Setting SW16 footprint position: (72625000, 53575000)
19:56:45 com_github_adamws_kicad-kbplacer.kbplacer_plugin_action 35: Searching for D16 footprint
19:56:45 com_github_adamws_kicad-kbplacer.kbplacer_plugin_action 46: Setting D16 footprint position: (82150000, 59637500)
19:56:45 com_github_adamws_kicad-kbplacer.kbplacer_plugin_action 347: Switch pad without recognized net name found.
19:56:45 com_github_adamws_kicad-kbplacer.kbplacer_plugin_action 356: Switch pad without recognized net name found.
19:56:45 com_github_adamws_kicad-kbplacer.kbplacer_plugin_action 35: Searching for SW17 footprint
19:56:45 com_github_adamws_kicad-kbplacer.kbplacer_plugin_action 46: Setting SW17 footprint position: (91675000, 53575000)
19:56:45 com_github_adamws_kicad-kbplacer.kbplacer_plugin_action 35: Searching for D17 footprint
19:56:45 com_github_adamws_kicad-kbplacer.kbplacer_plugin_action 46: Setting D17 footprint position: (101200000, 59637500)
19:56:45 com_github_adamws_kicad-kbplacer.kbplacer_plugin_action 347: Switch pad without recognized net name found.
19:56:45 com_github_adamws_kicad-kbplacer.kbplacer_plugin_action 356: Switch pad without recognized net name found.
19:56:45 com_github_adamws_kicad-kbplacer.kbplacer_plugin_action 35: Searching for SW18 footprint
19:56:45 com_github_adamws_kicad-kbplacer.kbplacer_plugin_action 46: Setting SW18 footprint position: (110725000, 53575000)
19:56:45 com_github_adamws_kicad-kbplacer.kbplacer_plugin_action 35: Searching for D18 footprint
19:56:45 com_github_adamws_kicad-kbplacer.kbplacer_plugin_action 46: Setting D18 footprint position: (120250000, 59637500)
19:56:45 com_github_adamws_kicad-kbplacer.kbplacer_plugin_action 347: Switch pad without recognized net name found.
19:56:45 com_github_adamws_kicad-kbplacer.kbplacer_plugin_action 356: Switch pad without recognized net name found.
19:56:45 com_github_adamws_kicad-kbplacer.kbplacer_plugin_action 35: Searching for SW19 footprint
19:56:45 com_github_adamws_kicad-kbplacer.kbplacer_plugin_action 46: Setting SW19 footprint position: (129775000, 53575000)
19:56:45 com_github_adamws_kicad-kbplacer.kbplacer_plugin_action 35: Searching for D19 footprint
19:56:45 com_github_adamws_kicad-kbplacer.kbplacer_plugin_action 46: Setting D19 footprint position: (139300000, 59637500)
19:56:45 com_github_adamws_kicad-kbplacer.kbplacer_plugin_action 347: Switch pad without recognized net name found.
19:56:45 com_github_adamws_kicad-kbplacer.kbplacer_plugin_action 356: Switch pad without recognized net name found.
19:56:45 com_github_adamws_kicad-kbplacer.kbplacer_plugin_action 35: Searching for SW20 footprint
19:56:45 com_github_adamws_kicad-kbplacer.kbplacer_plugin_action 46: Setting SW20 footprint position: (148825000, 53575000)
19:56:45 com_github_adamws_kicad-kbplacer.kbplacer_plugin_action 35: Searching for D20 footprint
19:56:45 com_github_adamws_kicad-kbplacer.kbplacer_plugin_action 46: Setting D20 footprint position: (158350000, 59637500)
19:56:45 com_github_adamws_kicad-kbplacer.kbplacer_plugin_action 347: Switch pad without recognized net name found.
19:56:45 com_github_adamws_kicad-kbplacer.kbplacer_plugin_action 356: Switch pad without recognized net name found.
19:56:45 com_github_adamws_kicad-kbplacer.kbplacer_plugin_action 35: Searching for SW21 footprint
19:56:45 com_github_adamws_kicad-kbplacer.kbplacer_plugin_action 46: Setting SW21 footprint position: (167875000, 53575000)
19:56:45 com_github_adamws_kicad-kbplacer.kbplacer_plugin_action 35: Searching for D21 footprint
19:56:45 com_github_adamws_kicad-kbplacer.kbplacer_plugin_action 46: Setting D21 footprint position: (177400000, 59637500)
19:56:45 com_github_adamws_kicad-kbplacer.kbplacer_plugin_action 347: Switch pad without recognized net name found.
19:56:45 com_github_adamws_kicad-kbplacer.kbplacer_plugin_action 356: Switch pad without recognized net name found.
19:56:45 com_github_adamws_kicad-kbplacer.kbplacer_plugin_action 35: Searching for SW22 footprint
19:56:45 com_github_adamws_kicad-kbplacer.kbplacer_plugin_action 46: Setting SW22 footprint position: (186925000, 53575000)
19:56:45 com_github_adamws_kicad-kbplacer.kbplacer_plugin_action 35: Searching for D22 footprint
19:56:45 com_github_adamws_kicad-kbplacer.kbplacer_plugin_action 46: Setting D22 footprint position: (196450000, 59637500)
19:56:45 com_github_adamws_kicad-kbplacer.kbplacer_plugin_action 347: Switch pad without recognized net name found.
19:56:45 com_github_adamws_kicad-kbplacer.kbplacer_plugin_action 356: Switch pad without recognized net name found.
19:56:45 com_github_adamws_kicad-kbplacer.kbplacer_plugin_action 35: Searching for SW23 footprint
19:56:45 com_github_adamws_kicad-kbplacer.kbplacer_plugin_action 46: Setting SW23 footprint position: (205975000, 53575000)
19:56:45 com_github_adamws_kicad-kbplacer.kbplacer_plugin_action 35: Searching for D23 footprint
19:56:45 com_github_adamws_kicad-kbplacer.kbplacer_plugin_action 46: Setting D23 footprint position: (215500000, 59637500)
19:56:45 com_github_adamws_kicad-kbplacer.kbplacer_plugin_action 347: Switch pad without recognized net name found.
19:56:45 com_github_adamws_kicad-kbplacer.kbplacer_plugin_action 356: Switch pad without recognized net name found.
19:56:45 com_github_adamws_kicad-kbplacer.kbplacer_plugin_action 35: Searching for SW24 footprint
19:56:45 com_github_adamws_kicad-kbplacer.kbplacer_plugin_action 46: Setting SW24 footprint position: (225025000, 53575000)
19:56:45 com_github_adamws_kicad-kbplacer.kbplacer_plugin_action 35: Searching for D24 footprint
19:56:45 com_github_adamws_kicad-kbplacer.kbplacer_plugin_action 46: Setting D24 footprint position: (234550000, 59637500)
19:56:45 com_github_adamws_kicad-kbplacer.kbplacer_plugin_action 347: Switch pad without recognized net name found.
19:56:45 com_github_adamws_kicad-kbplacer.kbplacer_plugin_action 356: Switch pad without recognized net name found.
19:56:45 com_github_adamws_kicad-kbplacer.kbplacer_plugin_action 35: Searching for SW25 footprint
19:56:45 com_github_adamws_kicad-kbplacer.kbplacer_plugin_action 46: Setting SW25 footprint position: (244075000, 53575000)
19:56:45 com_github_adamws_kicad-kbplacer.kbplacer_plugin_action 35: Searching for D25 footprint
19:56:45 com_github_adamws_kicad-kbplacer.kbplacer_plugin_action 46: Setting D25 footprint position: (253600000, 59637500)
19:56:45 com_github_adamws_kicad-kbplacer.kbplacer_plugin_action 347: Switch pad without recognized net name found.
19:56:45 com_github_adamws_kicad-kbplacer.kbplacer_plugin_action 356: Switch pad without recognized net name found.
19:56:45 com_github_adamws_kicad-kbplacer.kbplacer_plugin_action 35: Searching for SW26 footprint
19:56:45 com_github_adamws_kicad-kbplacer.kbplacer_plugin_action 46: Setting SW26 footprint position: (34525000, 72625000)
19:56:45 com_github_adamws_kicad-kbplacer.kbplacer_plugin_action 35: Searching for D26 footprint
19:56:45 com_github_adamws_kicad-kbplacer.kbplacer_plugin_action 46: Setting D26 footprint position: (44050000, 78687500)
19:56:45 com_github_adamws_kicad-kbplacer.kbplacer_plugin_action 347: Switch pad without recognized net name found.
19:56:45 com_github_adamws_kicad-kbplacer.kbplacer_plugin_action 356: Switch pad without recognized net name found.
19:56:45 com_github_adamws_kicad-kbplacer.kbplacer_plugin_action 35: Searching for SW27 footprint
19:56:45 com_github_adamws_kicad-kbplacer.kbplacer_plugin_action 46: Setting SW27 footprint position: (53575000, 72625000)
19:56:45 com_github_adamws_kicad-kbplacer.kbplacer_plugin_action 35: Searching for D27 footprint
19:56:45 com_github_adamws_kicad-kbplacer.kbplacer_plugin_action 46: Setting D27 footprint position: (63100000, 78687500)
19:56:45 com_github_adamws_kicad-kbplacer.kbplacer_plugin_action 347: Switch pad without recognized net name found.
19:56:45 com_github_adamws_kicad-kbplacer.kbplacer_plugin_action 356: Switch pad without recognized net name found.
19:56:45 com_github_adamws_kicad-kbplacer.kbplacer_plugin_action 35: Searching for SW28 footprint
19:56:45 com_github_adamws_kicad-kbplacer.kbplacer_plugin_action 46: Setting SW28 footprint position: (72625000, 72625000)
19:56:45 com_github_adamws_kicad-kbplacer.kbplacer_plugin_action 35: Searching for D28 footprint
19:56:45 com_github_adamws_kicad-kbplacer.kbplacer_plugin_action 46: Setting D28 footprint position: (82150000, 78687500)
19:56:45 com_github_adamws_kicad-kbplacer.kbplacer_plugin_action 347: Switch pad without recognized net name found.
19:56:45 com_github_adamws_kicad-kbplacer.kbplacer_plugin_action 356: Switch pad without recognized net name found.
19:56:45 com_github_adamws_kicad-kbplacer.kbplacer_plugin_action 35: Searching for SW29 footprint
19:56:45 com_github_adamws_kicad-kbplacer.kbplacer_plugin_action 46: Setting SW29 footprint position: (91675000, 72625000)
19:56:45 com_github_adamws_kicad-kbplacer.kbplacer_plugin_action 35: Searching for D29 footprint
19:56:45 com_github_adamws_kicad-kbplacer.kbplacer_plugin_action 46: Setting D29 footprint position: (101200000, 78687500)
19:56:45 com_github_adamws_kicad-kbplacer.kbplacer_plugin_action 347: Switch pad without recognized net name found.
19:56:45 com_github_adamws_kicad-kbplacer.kbplacer_plugin_action 356: Switch pad without recognized net name found.
19:56:45 com_github_adamws_kicad-kbplacer.kbplacer_plugin_action 35: Searching for SW30 footprint
19:56:45 com_github_adamws_kicad-kbplacer.kbplacer_plugin_action 46: Setting SW30 footprint position: (110725000, 72625000)
19:56:45 com_github_adamws_kicad-kbplacer.kbplacer_plugin_action 35: Searching for D30 footprint
19:56:45 com_github_adamws_kicad-kbplacer.kbplacer_plugin_action 46: Setting D30 footprint position: (120250000, 78687500)
19:56:45 com_github_adamws_kicad-kbplacer.kbplacer_plugin_action 347: Switch pad without recognized net name found.
19:56:45 com_github_adamws_kicad-kbplacer.kbplacer_plugin_action 356: Switch pad without recognized net name found.
19:56:45 com_github_adamws_kicad-kbplacer.kbplacer_plugin_action 35: Searching for SW31 footprint
19:56:45 com_github_adamws_kicad-kbplacer.kbplacer_plugin_action 46: Setting SW31 footprint position: (129775000, 72625000)
19:56:45 com_github_adamws_kicad-kbplacer.kbplacer_plugin_action 35: Searching for D31 footprint
19:56:45 com_github_adamws_kicad-kbplacer.kbplacer_plugin_action 46: Setting D31 footprint position: (139300000, 78687500)
19:56:45 com_github_adamws_kicad-kbplacer.kbplacer_plugin_action 347: Switch pad without recognized net name found.
19:56:45 com_github_adamws_kicad-kbplacer.kbplacer_plugin_action 356: Switch pad without recognized net name found.
19:56:45 com_github_adamws_kicad-kbplacer.kbplacer_plugin_action 35: Searching for SW32 footprint
19:56:45 com_github_adamws_kicad-kbplacer.kbplacer_plugin_action 46: Setting SW32 footprint position: (148825000, 72625000)
19:56:45 com_github_adamws_kicad-kbplacer.kbplacer_plugin_action 35: Searching for D32 footprint
19:56:45 com_github_adamws_kicad-kbplacer.kbplacer_plugin_action 46: Setting D32 footprint position: (158350000, 78687500)
19:56:45 com_github_adamws_kicad-kbplacer.kbplacer_plugin_action 347: Switch pad without recognized net name found.
19:56:45 com_github_adamws_kicad-kbplacer.kbplacer_plugin_action 356: Switch pad without recognized net name found.
19:56:45 com_github_adamws_kicad-kbplacer.kbplacer_plugin_action 35: Searching for SW33 footprint
19:56:45 com_github_adamws_kicad-kbplacer.kbplacer_plugin_action 46: Setting SW33 footprint position: (167875000, 72625000)
19:56:45 com_github_adamws_kicad-kbplacer.kbplacer_plugin_action 35: Searching for D33 footprint
19:56:45 com_github_adamws_kicad-kbplacer.kbplacer_plugin_action 46: Setting D33 footprint position: (177400000, 78687500)
19:56:45 com_github_adamws_kicad-kbplacer.kbplacer_plugin_action 347: Switch pad without recognized net name found.
19:56:45 com_github_adamws_kicad-kbplacer.kbplacer_plugin_action 356: Switch pad without recognized net name found.
19:56:45 com_github_adamws_kicad-kbplacer.kbplacer_plugin_action 35: Searching for SW34 footprint
19:56:45 com_github_adamws_kicad-kbplacer.kbplacer_plugin_action 46: Setting SW34 footprint position: (186925000, 72625000)
19:56:45 com_github_adamws_kicad-kbplacer.kbplacer_plugin_action 35: Searching for D34 footprint
19:56:45 com_github_adamws_kicad-kbplacer.kbplacer_plugin_action 46: Setting D34 footprint position: (196450000, 78687500)
19:56:45 com_github_adamws_kicad-kbplacer.kbplacer_plugin_action 347: Switch pad without recognized net name found.
19:56:45 com_github_adamws_kicad-kbplacer.kbplacer_plugin_action 356: Switch pad without recognized net name found.
19:56:45 com_github_adamws_kicad-kbplacer.kbplacer_plugin_action 35: Searching for SW35 footprint
19:56:45 com_github_adamws_kicad-kbplacer.kbplacer_plugin_action 46: Setting SW35 footprint position: (205975000, 72625000)
19:56:45 com_github_adamws_kicad-kbplacer.kbplacer_plugin_action 35: Searching for D35 footprint
19:56:45 com_github_adamws_kicad-kbplacer.kbplacer_plugin_action 46: Setting D35 footprint position: (215500000, 78687500)
19:56:45 com_github_adamws_kicad-kbplacer.kbplacer_plugin_action 347: Switch pad without recognized net name found.
19:56:45 com_github_adamws_kicad-kbplacer.kbplacer_plugin_action 356: Switch pad without recognized net name found.
19:56:45 com_github_adamws_kicad-kbplacer.kbplacer_plugin_action 35: Searching for SW36 footprint
19:56:45 com_github_adamws_kicad-kbplacer.kbplacer_plugin_action 46: Setting SW36 footprint position: (225025000, 72625000)
19:56:45 com_github_adamws_kicad-kbplacer.kbplacer_plugin_action 35: Searching for D36 footprint
19:56:45 com_github_adamws_kicad-kbplacer.kbplacer_plugin_action 46: Setting D36 footprint position: (234550000, 78687500)
19:56:45 com_github_adamws_kicad-kbplacer.kbplacer_plugin_action 347: Switch pad without recognized net name found.
19:56:45 com_github_adamws_kicad-kbplacer.kbplacer_plugin_action 356: Switch pad without recognized net name found.
19:56:45 com_github_adamws_kicad-kbplacer.kbplacer_plugin_action 35: Searching for SW37 footprint
19:56:45 com_github_adamws_kicad-kbplacer.kbplacer_plugin_action 46: Setting SW37 footprint position: (244075000, 72625000)
19:56:45 com_github_adamws_kicad-kbplacer.kbplacer_plugin_action 35: Searching for D37 footprint
19:56:45 com_github_adamws_kicad-kbplacer.kbplacer_plugin_action 46: Setting D37 footprint position: (253600000, 78687500)
19:56:45 com_github_adamws_kicad-kbplacer.kbplacer_plugin_action 347: Switch pad without recognized net name found.
19:56:45 com_github_adamws_kicad-kbplacer.kbplacer_plugin_action 356: Switch pad without recognized net name found.
19:56:45 com_github_adamws_kicad-kbplacer.kbplacer_plugin_action 35: Searching for SW38 footprint
19:56:45 com_github_adamws_kicad-kbplacer.kbplacer_plugin_action 46: Setting SW38 footprint position: (34525000, 91675000)
19:56:45 com_github_adamws_kicad-kbplacer.kbplacer_plugin_action 35: Searching for D38 footprint
19:56:45 com_github_adamws_kicad-kbplacer.kbplacer_plugin_action 46: Setting D38 footprint position: (44050000, 97737500)
19:56:45 com_github_adamws_kicad-kbplacer.kbplacer_plugin_action 347: Switch pad without recognized net name found.
19:56:45 com_github_adamws_kicad-kbplacer.kbplacer_plugin_action 356: Switch pad without recognized net name found.
19:56:45 com_github_adamws_kicad-kbplacer.kbplacer_plugin_action 35: Searching for SW39 footprint
19:56:45 com_github_adamws_kicad-kbplacer.kbplacer_plugin_action 46: Setting SW39 footprint position: (53575000, 91675000)
19:56:45 com_github_adamws_kicad-kbplacer.kbplacer_plugin_action 35: Searching for D39 footprint
19:56:45 com_github_adamws_kicad-kbplacer.kbplacer_plugin_action 46: Setting D39 footprint position: (63100000, 97737500)
19:56:45 com_github_adamws_kicad-kbplacer.kbplacer_plugin_action 347: Switch pad without recognized net name found.
19:56:45 com_github_adamws_kicad-kbplacer.kbplacer_plugin_action 356: Switch pad without recognized net name found.
19:56:45 com_github_adamws_kicad-kbplacer.kbplacer_plugin_action 35: Searching for SW40 footprint
19:56:45 com_github_adamws_kicad-kbplacer.kbplacer_plugin_action 46: Setting SW40 footprint position: (72625000, 91675000)
19:56:45 com_github_adamws_kicad-kbplacer.kbplacer_plugin_action 35: Searching for D40 footprint
19:56:45 com_github_adamws_kicad-kbplacer.kbplacer_plugin_action 46: Setting D40 footprint position: (82150000, 97737500)
19:56:45 com_github_adamws_kicad-kbplacer.kbplacer_plugin_action 347: Switch pad without recognized net name found.
19:56:45 com_github_adamws_kicad-kbplacer.kbplacer_plugin_action 356: Switch pad without recognized net name found.
19:56:45 com_github_adamws_kicad-kbplacer.kbplacer_plugin_action 35: Searching for SW41 footprint
19:56:45 com_github_adamws_kicad-kbplacer.kbplacer_plugin_action 46: Setting SW41 footprint position: (91675000, 91675000)
19:56:45 com_github_adamws_kicad-kbplacer.kbplacer_plugin_action 35: Searching for D41 footprint
19:56:45 com_github_adamws_kicad-kbplacer.kbplacer_plugin_action 46: Setting D41 footprint position: (101200000, 97737500)
19:56:45 com_github_adamws_kicad-kbplacer.kbplacer_plugin_action 347: Switch pad without recognized net name found.
19:56:45 com_github_adamws_kicad-kbplacer.kbplacer_plugin_action 356: Switch pad without recognized net name found.
19:56:45 com_github_adamws_kicad-kbplacer.kbplacer_plugin_action 35: Searching for SW42 footprint
19:56:45 com_github_adamws_kicad-kbplacer.kbplacer_plugin_action 46: Setting SW42 footprint position: (110725000, 91675000)
19:56:45 com_github_adamws_kicad-kbplacer.kbplacer_plugin_action 35: Searching for D42 footprint
19:56:45 com_github_adamws_kicad-kbplacer.kbplacer_plugin_action 46: Setting D42 footprint position: (120250000, 97737500)
19:56:45 com_github_adamws_kicad-kbplacer.kbplacer_plugin_action 347: Switch pad without recognized net name found.
19:56:45 com_github_adamws_kicad-kbplacer.kbplacer_plugin_action 356: Switch pad without recognized net name found.
19:56:45 com_github_adamws_kicad-kbplacer.kbplacer_plugin_action 35: Searching for SW43 footprint
19:56:45 com_github_adamws_kicad-kbplacer.kbplacer_plugin_action 46: Setting SW43 footprint position: (129775000, 91675000)
19:56:45 com_github_adamws_kicad-kbplacer.kbplacer_plugin_action 35: Searching for D43 footprint
19:56:45 com_github_adamws_kicad-kbplacer.kbplacer_plugin_action 46: Setting D43 footprint position: (139300000, 97737500)
19:56:45 com_github_adamws_kicad-kbplacer.kbplacer_plugin_action 347: Switch pad without recognized net name found.
19:56:45 com_github_adamws_kicad-kbplacer.kbplacer_plugin_action 356: Switch pad without recognized net name found.
19:56:45 com_github_adamws_kicad-kbplacer.kbplacer_plugin_action 35: Searching for SW44 footprint
19:56:45 com_github_adamws_kicad-kbplacer.kbplacer_plugin_action 46: Setting SW44 footprint position: (148825000, 91675000)
19:56:45 com_github_adamws_kicad-kbplacer.kbplacer_plugin_action 35: Searching for D44 footprint
19:56:45 com_github_adamws_kicad-kbplacer.kbplacer_plugin_action 46: Setting D44 footprint position: (158350000, 97737500)
19:56:45 com_github_adamws_kicad-kbplacer.kbplacer_plugin_action 347: Switch pad without recognized net name found.
19:56:45 com_github_adamws_kicad-kbplacer.kbplacer_plugin_action 356: Switch pad without recognized net name found.
19:56:45 com_github_adamws_kicad-kbplacer.kbplacer_plugin_action 35: Searching for SW45 footprint
19:56:45 com_github_adamws_kicad-kbplacer.kbplacer_plugin_action 46: Setting SW45 footprint position: (167875000, 91675000)
19:56:45 com_github_adamws_kicad-kbplacer.kbplacer_plugin_action 35: Searching for D45 footprint
19:56:45 com_github_adamws_kicad-kbplacer.kbplacer_plugin_action 46: Setting D45 footprint position: (177400000, 97737500)
19:56:45 com_github_adamws_kicad-kbplacer.kbplacer_plugin_action 347: Switch pad without recognized net name found.
19:56:45 com_github_adamws_kicad-kbplacer.kbplacer_plugin_action 356: Switch pad without recognized net name found.
19:56:45 com_github_adamws_kicad-kbplacer.kbplacer_plugin_action 35: Searching for SW46 footprint
19:56:45 com_github_adamws_kicad-kbplacer.kbplacer_plugin_action 46: Setting SW46 footprint position: (186925000, 91675000)
19:56:45 com_github_adamws_kicad-kbplacer.kbplacer_plugin_action 35: Searching for D46 footprint
19:56:45 com_github_adamws_kicad-kbplacer.kbplacer_plugin_action 46: Setting D46 footprint position: (196450000, 97737500)
19:56:45 com_github_adamws_kicad-kbplacer.kbplacer_plugin_action 347: Switch pad without recognized net name found.
19:56:45 com_github_adamws_kicad-kbplacer.kbplacer_plugin_action 356: Switch pad without recognized net name found.
19:56:45 com_github_adamws_kicad-kbplacer.kbplacer_plugin_action 35: Searching for SW47 footprint
19:56:45 com_github_adamws_kicad-kbplacer.kbplacer_plugin_action 46: Setting SW47 footprint position: (205975000, 91675000)
19:56:45 com_github_adamws_kicad-kbplacer.kbplacer_plugin_action 35: Searching for D47 footprint
19:56:45 com_github_adamws_kicad-kbplacer.kbplacer_plugin_action 46: Setting D47 footprint position: (215500000, 97737500)
19:56:45 com_github_adamws_kicad-kbplacer.kbplacer_plugin_action 347: Switch pad without recognized net name found.
19:56:45 com_github_adamws_kicad-kbplacer.kbplacer_plugin_action 356: Switch pad without recognized net name found.
19:56:45 com_github_adamws_kicad-kbplacer.kbplacer_plugin_action 35: Searching for SW48 footprint
19:56:45 com_github_adamws_kicad-kbplacer.kbplacer_plugin_action 46: Setting SW48 footprint position: (225025000, 91675000)
19:56:45 com_github_adamws_kicad-kbplacer.kbplacer_plugin_action 35: Searching for D48 footprint
19:56:45 com_github_adamws_kicad-kbplacer.kbplacer_plugin_action 46: Setting D48 footprint position: (234550000, 97737500)
19:56:45 com_github_adamws_kicad-kbplacer.kbplacer_plugin_action 347: Switch pad without recognized net name found.
19:56:45 com_github_adamws_kicad-kbplacer.kbplacer_plugin_action 356: Switch pad without recognized net name found.
19:56:45 com_github_adamws_kicad-kbplacer.kbplacer_plugin_action 35: Searching for SW49 footprint
19:56:45 com_github_adamws_kicad-kbplacer.kbplacer_plugin_action 46: Setting SW49 footprint position: (244075000, 91675000)
19:56:45 com_github_adamws_kicad-kbplacer.kbplacer_plugin_action 35: Searching for D49 footprint
19:56:45 com_github_adamws_kicad-kbplacer.kbplacer_plugin_action 46: Setting D49 footprint position: (253600000, 97737500)
19:56:45 com_github_adamws_kicad-kbplacer.kbplacer_plugin_action 347: Switch pad without recognized net name found.
19:56:45 com_github_adamws_kicad-kbplacer.kbplacer_plugin_action 356: Switch pad without recognized net name found.
19:56:45 com_github_adamws_kicad-kbplacer.kbplacer_plugin_action 35: Searching for SW50 footprint
19:56:45 com_github_adamws_kicad-kbplacer.kbplacer_plugin_action 46: Setting SW50 footprint position: (34525000, 110725000)
19:56:45 com_github_adamws_kicad-kbplacer.kbplacer_plugin_action 35: Searching for D50 footprint
19:56:45 com_github_adamws_kicad-kbplacer.kbplacer_plugin_action 46: Setting D50 footprint position: (44050000, 116787500)
19:56:45 com_github_adamws_kicad-kbplacer.kbplacer_plugin_action 347: Switch pad without recognized net name found.
19:56:45 com_github_adamws_kicad-kbplacer.kbplacer_plugin_action 356: Switch pad without recognized net name found.
19:56:45 com_github_adamws_kicad-kbplacer.kbplacer_plugin_action 35: Searching for SW51 footprint
19:56:45 com_github_adamws_kicad-kbplacer.kbplacer_plugin_action 46: Setting SW51 footprint position: (53575000, 110725000)
19:56:45 com_github_adamws_kicad-kbplacer.kbplacer_plugin_action 35: Searching for D51 footprint
19:56:45 com_github_adamws_kicad-kbplacer.kbplacer_plugin_action 46: Setting D51 footprint position: (63100000, 116787500)
19:56:45 com_github_adamws_kicad-kbplacer.kbplacer_plugin_action 347: Switch pad without recognized net name found.
19:56:45 com_github_adamws_kicad-kbplacer.kbplacer_plugin_action 356: Switch pad without recognized net name found.
19:56:45 com_github_adamws_kicad-kbplacer.kbplacer_plugin_action 35: Searching for SW52 footprint
19:56:45 com_github_adamws_kicad-kbplacer.kbplacer_plugin_action 46: Setting SW52 footprint position: (72625000, 110725000)
19:56:45 com_github_adamws_kicad-kbplacer.kbplacer_plugin_action 35: Searching for D52 footprint
19:56:45 com_github_adamws_kicad-kbplacer.kbplacer_plugin_action 46: Setting D52 footprint position: (82150000, 116787500)
19:56:45 com_github_adamws_kicad-kbplacer.kbplacer_plugin_action 347: Switch pad without recognized net name found.
19:56:45 com_github_adamws_kicad-kbplacer.kbplacer_plugin_action 356: Switch pad without recognized net name found.
19:56:45 com_github_adamws_kicad-kbplacer.kbplacer_plugin_action 35: Searching for SW53 footprint
19:56:45 com_github_adamws_kicad-kbplacer.kbplacer_plugin_action 46: Setting SW53 footprint position: (91675000, 110725000)
19:56:45 com_github_adamws_kicad-kbplacer.kbplacer_plugin_action 35: Searching for D53 footprint
19:56:45 com_github_adamws_kicad-kbplacer.kbplacer_plugin_action 46: Setting D53 footprint position: (101200000, 116787500)
19:56:45 com_github_adamws_kicad-kbplacer.kbplacer_plugin_action 347: Switch pad without recognized net name found.
19:56:45 com_github_adamws_kicad-kbplacer.kbplacer_plugin_action 356: Switch pad without recognized net name found.
19:56:45 com_github_adamws_kicad-kbplacer.kbplacer_plugin_action 35: Searching for SW54 footprint
19:56:45 com_github_adamws_kicad-kbplacer.kbplacer_plugin_action 46: Setting SW54 footprint position: (110725000, 110725000)
19:56:45 com_github_adamws_kicad-kbplacer.kbplacer_plugin_action 35: Searching for D54 footprint
19:56:45 com_github_adamws_kicad-kbplacer.kbplacer_plugin_action 46: Setting D54 footprint position: (120250000, 116787500)
19:56:45 com_github_adamws_kicad-kbplacer.kbplacer_plugin_action 347: Switch pad without recognized net name found.
19:56:45 com_github_adamws_kicad-kbplacer.kbplacer_plugin_action 356: Switch pad without recognized net name found.
19:56:45 com_github_adamws_kicad-kbplacer.kbplacer_plugin_action 35: Searching for SW55 footprint
19:56:45 com_github_adamws_kicad-kbplacer.kbplacer_plugin_action 46: Setting SW55 footprint position: (129775000, 110725000)
19:56:45 com_github_adamws_kicad-kbplacer.kbplacer_plugin_action 35: Searching for D55 footprint
19:56:45 com_github_adamws_kicad-kbplacer.kbplacer_plugin_action 46: Setting D55 footprint position: (139300000, 116787500)
19:56:45 com_github_adamws_kicad-kbplacer.kbplacer_plugin_action 347: Switch pad without recognized net name found.
19:56:45 com_github_adamws_kicad-kbplacer.kbplacer_plugin_action 356: Switch pad without recognized net name found.
19:56:45 com_github_adamws_kicad-kbplacer.kbplacer_plugin_action 35: Searching for SW56 footprint
19:56:45 com_github_adamws_kicad-kbplacer.kbplacer_plugin_action 46: Setting SW56 footprint position: (148825000, 110725000)
19:56:45 com_github_adamws_kicad-kbplacer.kbplacer_plugin_action 35: Searching for D56 footprint
19:56:45 com_github_adamws_kicad-kbplacer.kbplacer_plugin_action 46: Setting D56 footprint position: (158350000, 116787500)
19:56:45 com_github_adamws_kicad-kbplacer.kbplacer_plugin_action 347: Switch pad without recognized net name found.
19:56:45 com_github_adamws_kicad-kbplacer.kbplacer_plugin_action 356: Switch pad without recognized net name found.
19:56:45 com_github_adamws_kicad-kbplacer.kbplacer_plugin_action 35: Searching for SW57 footprint
19:56:45 com_github_adamws_kicad-kbplacer.kbplacer_plugin_action 46: Setting SW57 footprint position: (167875000, 110725000)
19:56:45 com_github_adamws_kicad-kbplacer.kbplacer_plugin_action 35: Searching for D57 footprint
19:56:45 com_github_adamws_kicad-kbplacer.kbplacer_plugin_action 46: Setting D57 footprint position: (177400000, 116787500)
19:56:45 com_github_adamws_kicad-kbplacer.kbplacer_plugin_action 347: Switch pad without recognized net name found.
19:56:45 com_github_adamws_kicad-kbplacer.kbplacer_plugin_action 356: Switch pad without recognized net name found.
19:56:45 com_github_adamws_kicad-kbplacer.kbplacer_plugin_action 35: Searching for SW58 footprint
19:56:45 com_github_adamws_kicad-kbplacer.kbplacer_plugin_action 46: Setting SW58 footprint position: (186925000, 110725000)
19:56:45 com_github_adamws_kicad-kbplacer.kbplacer_plugin_action 35: Searching for D58 footprint
19:56:45 com_github_adamws_kicad-kbplacer.kbplacer_plugin_action 46: Setting D58 footprint position: (196450000, 116787500)
19:56:45 com_github_adamws_kicad-kbplacer.kbplacer_plugin_action 347: Switch pad without recognized net name found.
19:56:45 com_github_adamws_kicad-kbplacer.kbplacer_plugin_action 356: Switch pad without recognized net name found.
19:56:45 com_github_adamws_kicad-kbplacer.kbplacer_plugin_action 35: Searching for SW59 footprint
19:56:45 com_github_adamws_kicad-kbplacer.kbplacer_plugin_action 46: Setting SW59 footprint position: (205975000, 110725000)
19:56:45 com_github_adamws_kicad-kbplacer.kbplacer_plugin_action 35: Searching for D59 footprint
19:56:45 com_github_adamws_kicad-kbplacer.kbplacer_plugin_action 46: Setting D59 footprint position: (215500000, 116787500)
19:56:45 com_github_adamws_kicad-kbplacer.kbplacer_plugin_action 347: Switch pad without recognized net name found.
19:56:45 com_github_adamws_kicad-kbplacer.kbplacer_plugin_action 356: Switch pad without recognized net name found.
19:56:45 com_github_adamws_kicad-kbplacer.kbplacer_plugin_action 35: Searching for SW60 footprint
19:56:45 com_github_adamws_kicad-kbplacer.kbplacer_plugin_action 46: Setting SW60 footprint position: (225025000, 110725000)
19:56:45 com_github_adamws_kicad-kbplacer.kbplacer_plugin_action 35: Searching for D60 footprint
19:56:45 com_github_adamws_kicad-kbplacer.kbplacer_plugin_action 46: Setting D60 footprint position: (234550000, 116787500)
19:56:45 com_github_adamws_kicad-kbplacer.kbplacer_plugin_action 347: Switch pad without recognized net name found.
19:56:45 com_github_adamws_kicad-kbplacer.kbplacer_plugin_action 356: Switch pad without recognized net name found.
19:56:45 com_github_adamws_kicad-kbplacer.kbplacer_plugin_action 35: Searching for SW61 footprint
19:56:45 com_github_adamws_kicad-kbplacer.kbplacer_plugin_action 46: Setting SW61 footprint position: (244075000, 110725000)
19:56:45 com_github_adamws_kicad-kbplacer.kbplacer_plugin_action 35: Searching for D61 footprint
19:56:45 com_github_adamws_kicad-kbplacer.kbplacer_plugin_action 46: Setting D61 footprint position: (253600000, 116787500)
19:56:45 com_github_adamws_kicad-kbplacer.kbplacer_plugin_action 347: Switch pad without recognized net name found.
19:56:45 com_github_adamws_kicad-kbplacer.kbplacer_plugin_action 356: Switch pad without recognized net name found.
